{"D:\\Laboratoria\\Burguer-Queen\\LIM017-burger-queen-api\\config.js": {"path":"D:\\Laboratoria\\Burguer-Queen\\LIM017-burger-queen-api\\config.js","statementMap":{"0":{"start":{"line":1,"column":0},"end":{"line":1,"column":59}},"1":{"start":{"line":2,"column":0},"end":{"line":2,"column":73}},"2":{"start":{"line":3,"column":0},"end":{"line":3,"column":70}},"3":{"start":{"line":4,"column":0},"end":{"line":4,"column":66}},"4":{"start":{"line":5,"column":0},"end":{"line":5,"column":45}},"5":{"start":{"line":6,"column":0},"end":{"line":6,"column":66}}},"fnMap":{},"branchMap":{"0":{"loc":{"start":{"line":1,"column":15},"end":{"line":1,"column":58}},"type":"binary-expr","locations":[{"start":{"line":1,"column":15},"end":{"line":1,"column":30}},{"start":{"line":1,"column":34},"end":{"line":1,"column":50}},{"start":{"line":1,"column":54},"end":{"line":1,"column":58}}],"line":1},"1":{"loc":{"start":{"line":2,"column":16},"end":{"line":2,"column":72}},"type":"binary-expr","locations":[{"start":{"line":2,"column":16},"end":{"line":2,"column":34}},{"start":{"line":2,"column":38},"end":{"line":2,"column":72}}],"line":2},"2":{"loc":{"start":{"line":3,"column":17},"end":{"line":3,"column":69}},"type":"binary-expr","locations":[{"start":{"line":3,"column":17},"end":{"line":3,"column":39}},{"start":{"line":3,"column":43},"end":{"line":3,"column":69}}],"line":3},"3":{"loc":{"start":{"line":4,"column":21},"end":{"line":4,"column":65}},"type":"binary-expr","locations":[{"start":{"line":4,"column":21},"end":{"line":4,"column":44}},{"start":{"line":4,"column":48},"end":{"line":4,"column":65}}],"line":4},"4":{"loc":{"start":{"line":6,"column":24},"end":{"line":6,"column":65}},"type":"binary-expr","locations":[{"start":{"line":6,"column":24},"end":{"line":6,"column":50}},{"start":{"line":6,"column":54},"end":{"line":6,"column":65}}],"line":6}},"s":{"0":3,"1":3,"2":3,"3":3,"4":3,"5":3},"f":{},"b":{"0":[3,3,3],"1":[3,3],"2":[3,3],"3":[3,3],"4":[3,3]},"_coverageSchema":"1a1c01bbd47fc00a2c39e90264f33305004495a9","hash":"b13b10923c84b977bdc80ca57adadc54d0d583e7"}
,"D:\\Laboratoria\\Burguer-Queen\\LIM017-burger-queen-api\\server.js": {"path":"D:\\Laboratoria\\Burguer-Queen\\LIM017-burger-queen-api\\server.js","statementMap":{"0":{"start":{"line":1,"column":16},"end":{"line":1,"column":34}},"1":{"start":{"line":2,"column":15},"end":{"line":2,"column":34}},"2":{"start":{"line":3,"column":23},"end":{"line":3,"column":51}},"3":{"start":{"line":4,"column":21},"end":{"line":4,"column":50}},"4":{"start":{"line":5,"column":15},"end":{"line":5,"column":34}},"5":{"start":{"line":6,"column":12},"end":{"line":6,"column":37}},"6":{"start":{"line":10,"column":19},"end":{"line":10,"column":25}},"7":{"start":{"line":11,"column":12},"end":{"line":11,"column":21}},"8":{"start":{"line":13,"column":0},"end":{"line":13,"column":26}},"9":{"start":{"line":14,"column":0},"end":{"line":14,"column":20}},"10":{"start":{"line":16,"column":0},"end":{"line":16,"column":49}},"11":{"start":{"line":17,"column":0},"end":{"line":17,"column":24}},"12":{"start":{"line":18,"column":0},"end":{"line":18,"column":32}},"13":{"start":{"line":20,"column":0},"end":{"line":25,"column":3}},"14":{"start":{"line":21,"column":2},"end":{"line":23,"column":3}},"15":{"start":{"line":22,"column":4},"end":{"line":22,"column":14}},"16":{"start":{"line":24,"column":2},"end":{"line":24,"column":24}},"17":{"start":{"line":27,"column":0},"end":{"line":27,"column":21}}},"fnMap":{"0":{"name":"(anonymous_0)","decl":{"start":{"line":20,"column":12},"end":{"line":20,"column":13}},"loc":{"start":{"line":20,"column":21},"end":{"line":25,"column":1}},"line":20}},"branchMap":{"0":{"loc":{"start":{"line":21,"column":2},"end":{"line":23,"column":3}},"type":"if","locations":[{"start":{"line":21,"column":2},"end":{"line":23,"column":3}},{"start":{},"end":{}}],"line":21}},"s":{"0":3,"1":3,"2":3,"3":3,"4":3,"5":3,"6":3,"7":3,"8":3,"9":3,"10":3,"11":3,"12":3,"13":3,"14":3,"15":0,"16":3,"17":3},"f":{"0":3},"b":{"0":[0,3]},"_coverageSchema":"1a1c01bbd47fc00a2c39e90264f33305004495a9","hash":"efc206a8a02e0dc73e0796690640846dd9c17946"}
,"D:\\Laboratoria\\Burguer-Queen\\LIM017-burger-queen-api\\controller\\auth.js": {"path":"D:\\Laboratoria\\Burguer-Queen\\LIM017-burger-queen-api\\controller\\auth.js","statementMap":{"0":{"start":{"line":1,"column":12},"end":{"line":1,"column":35}},"1":{"start":{"line":2,"column":15},"end":{"line":2,"column":32}},"2":{"start":{"line":3,"column":15},"end":{"line":3,"column":35}},"3":{"start":{"line":7,"column":4},"end":{"line":7,"column":36}},"4":{"start":{"line":9,"column":0},"end":{"line":45,"column":2}},"5":{"start":{"line":11,"column":25},"end":{"line":11,"column":39}},"6":{"start":{"line":12,"column":28},"end":{"line":12,"column":45}},"7":{"start":{"line":14,"column":4},"end":{"line":16,"column":5}},"8":{"start":{"line":15,"column":6},"end":{"line":15,"column":89}},"9":{"start":{"line":18,"column":24},"end":{"line":20,"column":5}},"10":{"start":{"line":22,"column":4},"end":{"line":40,"column":5}},"11":{"start":{"line":24,"column":28},"end":{"line":24,"column":87}},"12":{"start":{"line":25,"column":6},"end":{"line":38,"column":7}},"13":{"start":{"line":28,"column":24},"end":{"line":31,"column":9}},"14":{"start":{"line":33,"column":22},"end":{"line":35,"column":10}},"15":{"start":{"line":37,"column":8},"end":{"line":37,"column":61}},"16":{"start":{"line":39,"column":6},"end":{"line":39,"column":76}},"17":{"start":{"line":41,"column":4},"end":{"line":41,"column":63}},"18":{"start":{"line":43,"column":4},"end":{"line":43,"column":11}}},"fnMap":{"0":{"name":"(anonymous_0)","decl":{"start":{"line":10,"column":12},"end":{"line":10,"column":13}},"loc":{"start":{"line":10,"column":39},"end":{"line":44,"column":3}},"line":10}},"branchMap":{"0":{"loc":{"start":{"line":14,"column":4},"end":{"line":16,"column":5}},"type":"if","locations":[{"start":{"line":14,"column":4},"end":{"line":16,"column":5}},{"start":{},"end":{}}],"line":14},"1":{"loc":{"start":{"line":14,"column":8},"end":{"line":14,"column":104}},"type":"binary-expr","locations":[{"start":{"line":14,"column":8},"end":{"line":14,"column":28}},{"start":{"line":14,"column":32},"end":{"line":14,"column":55}},{"start":{"line":14,"column":59},"end":{"line":14,"column":78}},{"start":{"line":14,"column":82},"end":{"line":14,"column":104}}],"line":14},"2":{"loc":{"start":{"line":22,"column":4},"end":{"line":40,"column":5}},"type":"if","locations":[{"start":{"line":22,"column":4},"end":{"line":40,"column":5}},{"start":{},"end":{}}],"line":22},"3":{"loc":{"start":{"line":25,"column":6},"end":{"line":38,"column":7}},"type":"if","locations":[{"start":{"line":25,"column":6},"end":{"line":38,"column":7}},{"start":{},"end":{}}],"line":25}},"s":{"0":3,"1":3,"2":3,"3":3,"4":3,"5":11,"6":11,"7":11,"8":2,"9":9,"10":9,"11":8,"12":8,"13":7,"14":7,"15":7,"16":1,"17":1,"18":1},"f":{"0":11},"b":{"0":[2,9],"1":[11,10,10,9],"2":[8,1],"3":[7,1]},"_coverageSchema":"1a1c01bbd47fc00a2c39e90264f33305004495a9","hash":"cdceb7794ae2b0a00e6cc6c38e9eeff34b202037"}
,"D:\\Laboratoria\\Burguer-Queen\\LIM017-burger-queen-api\\controller\\orders.js": {"path":"D:\\Laboratoria\\Burguer-Queen\\LIM017-burger-queen-api\\controller\\orders.js","statementMap":{"0":{"start":{"line":5,"column":4},"end":{"line":5,"column":36}},"1":{"start":{"line":7,"column":0},"end":{"line":142,"column":2}},"2":{"start":{"line":9,"column":23},"end":{"line":9,"column":39}},"3":{"start":{"line":10,"column":24},"end":{"line":10,"column":41}},"4":{"start":{"line":12,"column":4},"end":{"line":17,"column":80}},"5":{"start":{"line":16,"column":24},"end":{"line":16,"column":64}},"6":{"start":{"line":17,"column":26},"end":{"line":17,"column":76}},"7":{"start":{"line":21,"column":26},"end":{"line":21,"column":44}},"8":{"start":{"line":23,"column":25},"end":{"line":23,"column":71}},"9":{"start":{"line":24,"column":4},"end":{"line":26,"column":5}},"10":{"start":{"line":25,"column":6},"end":{"line":25,"column":53}},"11":{"start":{"line":27,"column":4},"end":{"line":27,"column":61}},"12":{"start":{"line":31,"column":23},"end":{"line":31,"column":39}},"13":{"start":{"line":32,"column":24},"end":{"line":32,"column":41}},"14":{"start":{"line":34,"column":4},"end":{"line":42,"column":41}},"15":{"start":{"line":42,"column":23},"end":{"line":42,"column":39}},"16":{"start":{"line":46,"column":4},"end":{"line":52,"column":41}},"17":{"start":{"line":52,"column":23},"end":{"line":52,"column":39}},"18":{"start":{"line":56,"column":23},"end":{"line":56,"column":42}},"19":{"start":{"line":57,"column":4},"end":{"line":72,"column":7}},"20":{"start":{"line":62,"column":6},"end":{"line":70,"column":7}},"21":{"start":{"line":63,"column":8},"end":{"line":69,"column":11}},"22":{"start":{"line":71,"column":6},"end":{"line":71,"column":23}},"23":{"start":{"line":75,"column":26},"end":{"line":75,"column":41}},"24":{"start":{"line":76,"column":26},"end":{"line":76,"column":41}},"25":{"start":{"line":77,"column":26},"end":{"line":77,"column":41}},"26":{"start":{"line":78,"column":27},"end":{"line":78,"column":44}},"27":{"start":{"line":81,"column":4},"end":{"line":98,"column":7}},"28":{"start":{"line":86,"column":6},"end":{"line":93,"column":7}},"29":{"start":{"line":88,"column":8},"end":{"line":92,"column":11}},"30":{"start":{"line":94,"column":6},"end":{"line":97,"column":9}},"31":{"start":{"line":96,"column":8},"end":{"line":96,"column":68}},"32":{"start":{"line":102,"column":27},"end":{"line":102,"column":45}},"33":{"start":{"line":103,"column":25},"end":{"line":103,"column":72}},"34":{"start":{"line":105,"column":22},"end":{"line":105,"column":37}},"35":{"start":{"line":106,"column":22},"end":{"line":106,"column":37}},"36":{"start":{"line":107,"column":24},"end":{"line":107,"column":41}},"37":{"start":{"line":108,"column":29},"end":{"line":108,"column":51}},"38":{"start":{"line":109,"column":25},"end":{"line":109,"column":43}},"39":{"start":{"line":111,"column":4},"end":{"line":125,"column":5}},"40":{"start":{"line":112,"column":6},"end":{"line":122,"column":7}},"41":{"start":{"line":113,"column":8},"end":{"line":113,"column":40}},"42":{"start":{"line":114,"column":8},"end":{"line":114,"column":40}},"43":{"start":{"line":115,"column":8},"end":{"line":115,"column":44}},"44":{"start":{"line":116,"column":8},"end":{"line":116,"column":54}},"45":{"start":{"line":117,"column":8},"end":{"line":117,"column":46}},"46":{"start":{"line":118,"column":8},"end":{"line":118,"column":34}},"47":{"start":{"line":119,"column":8},"end":{"line":119,"column":81}},"48":{"start":{"line":121,"column":8},"end":{"line":121,"column":65}},"49":{"start":{"line":124,"column":6},"end":{"line":124,"column":68}},"50":{"start":{"line":130,"column":26},"end":{"line":130,"column":44}},"51":{"start":{"line":131,"column":25},"end":{"line":131,"column":71}},"52":{"start":{"line":132,"column":4},"end":{"line":139,"column":5}},"53":{"start":{"line":133,"column":6},"end":{"line":138,"column":7}},"54":{"start":{"line":134,"column":8},"end":{"line":134,"column":73}},"55":{"start":{"line":135,"column":8},"end":{"line":135,"column":71}},"56":{"start":{"line":137,"column":8},"end":{"line":137,"column":68}},"57":{"start":{"line":140,"column":4},"end":{"line":140,"column":66}}},"fnMap":{"0":{"name":"(anonymous_0)","decl":{"start":{"line":8,"column":13},"end":{"line":8,"column":14}},"loc":{"start":{"line":8,"column":34},"end":{"line":18,"column":3}},"line":8},"1":{"name":"(anonymous_1)","decl":{"start":{"line":16,"column":12},"end":{"line":16,"column":13}},"loc":{"start":{"line":16,"column":22},"end":{"line":16,"column":66}},"line":16},"2":{"name":"(anonymous_2)","decl":{"start":{"line":17,"column":13},"end":{"line":17,"column":14}},"loc":{"start":{"line":17,"column":24},"end":{"line":17,"column":78}},"line":17},"3":{"name":"(anonymous_3)","decl":{"start":{"line":20,"column":17},"end":{"line":20,"column":18}},"loc":{"start":{"line":20,"column":44},"end":{"line":28,"column":3}},"line":20},"4":{"name":"(anonymous_4)","decl":{"start":{"line":30,"column":28},"end":{"line":30,"column":29}},"loc":{"start":{"line":30,"column":49},"end":{"line":43,"column":3}},"line":30},"5":{"name":"(anonymous_5)","decl":{"start":{"line":42,"column":12},"end":{"line":42,"column":13}},"loc":{"start":{"line":42,"column":23},"end":{"line":42,"column":39}},"line":42},"6":{"name":"(anonymous_6)","decl":{"start":{"line":45,"column":24},"end":{"line":45,"column":25}},"loc":{"start":{"line":45,"column":45},"end":{"line":53,"column":3}},"line":45},"7":{"name":"(anonymous_7)","decl":{"start":{"line":52,"column":12},"end":{"line":52,"column":13}},"loc":{"start":{"line":52,"column":23},"end":{"line":52,"column":39}},"line":52},"8":{"name":"(anonymous_8)","decl":{"start":{"line":55,"column":28},"end":{"line":55,"column":29}},"loc":{"start":{"line":55,"column":49},"end":{"line":73,"column":3}},"line":55},"9":{"name":"(anonymous_9)","decl":{"start":{"line":61,"column":12},"end":{"line":61,"column":13}},"loc":{"start":{"line":61,"column":23},"end":{"line":72,"column":5}},"line":61},"10":{"name":"(anonymous_10)","decl":{"start":{"line":74,"column":14},"end":{"line":74,"column":15}},"loc":{"start":{"line":74,"column":35},"end":{"line":99,"column":3}},"line":74},"11":{"name":"(anonymous_11)","decl":{"start":{"line":85,"column":12},"end":{"line":85,"column":13}},"loc":{"start":{"line":85,"column":30},"end":{"line":98,"column":5}},"line":85},"12":{"name":"(anonymous_12)","decl":{"start":{"line":95,"column":14},"end":{"line":95,"column":15}},"loc":{"start":{"line":95,"column":25},"end":{"line":97,"column":7}},"line":95},"13":{"name":"(anonymous_13)","decl":{"start":{"line":101,"column":17},"end":{"line":101,"column":18}},"loc":{"start":{"line":101,"column":44},"end":{"line":126,"column":3}},"line":101},"14":{"name":"(anonymous_14)","decl":{"start":{"line":129,"column":20},"end":{"line":129,"column":21}},"loc":{"start":{"line":129,"column":47},"end":{"line":141,"column":3}},"line":129}},"branchMap":{"0":{"loc":{"start":{"line":24,"column":4},"end":{"line":26,"column":5}},"type":"if","locations":[{"start":{"line":24,"column":4},"end":{"line":26,"column":5}},{"start":{},"end":{}}],"line":24},"1":{"loc":{"start":{"line":62,"column":6},"end":{"line":70,"column":7}},"type":"if","locations":[{"start":{"line":62,"column":6},"end":{"line":70,"column":7}},{"start":{},"end":{}}],"line":62},"2":{"loc":{"start":{"line":96,"column":8},"end":{"line":96,"column":67}},"type":"cond-expr","locations":[{"start":{"line":96,"column":16},"end":{"line":96,"column":48}},{"start":{"line":96,"column":51},"end":{"line":96,"column":67}}],"line":96},"3":{"loc":{"start":{"line":111,"column":4},"end":{"line":125,"column":5}},"type":"if","locations":[{"start":{"line":111,"column":4},"end":{"line":125,"column":5}},{"start":{"line":123,"column":11},"end":{"line":125,"column":5}}],"line":111},"4":{"loc":{"start":{"line":132,"column":4},"end":{"line":139,"column":5}},"type":"if","locations":[{"start":{"line":132,"column":4},"end":{"line":139,"column":5}},{"start":{},"end":{}}],"line":132}},"s":{"0":3,"1":3,"2":0,"3":0,"4":0,"5":0,"6":0,"7":0,"8":0,"9":0,"10":0,"11":0,"12":0,"13":0,"14":0,"15":0,"16":0,"17":0,"18":0,"19":0,"20":0,"21":0,"22":0,"23":0,"24":0,"25":0,"26":0,"27":0,"28":0,"29":0,"30":0,"31":0,"32":0,"33":0,"34":0,"35":0,"36":0,"37":0,"38":0,"39":0,"40":0,"41":0,"42":0,"43":0,"44":0,"45":0,"46":0,"47":0,"48":0,"49":0,"50":0,"51":0,"52":0,"53":0,"54":0,"55":0,"56":0,"57":0},"f":{"0":0,"1":0,"2":0,"3":0,"4":0,"5":0,"6":0,"7":0,"8":0,"9":0,"10":0,"11":0,"12":0,"13":0,"14":0},"b":{"0":[0,0],"1":[0,0],"2":[0,0],"3":[0,0],"4":[0,0]},"_coverageSchema":"1a1c01bbd47fc00a2c39e90264f33305004495a9","hash":"f63499d936519ccee031ae2493b085c74d82d324"}
,"D:\\Laboratoria\\Burguer-Queen\\LIM017-burger-queen-api\\controller\\products.js": {"path":"D:\\Laboratoria\\Burguer-Queen\\LIM017-burger-queen-api\\controller\\products.js","statementMap":{"0":{"start":{"line":3,"column":4},"end":{"line":3,"column":36}},"1":{"start":{"line":5,"column":0},"end":{"line":118,"column":2}},"2":{"start":{"line":7,"column":4},"end":{"line":22,"column":78}},"3":{"start":{"line":9,"column":26},"end":{"line":19,"column":10}},"4":{"start":{"line":10,"column":29},"end":{"line":17,"column":11}},"5":{"start":{"line":18,"column":10},"end":{"line":18,"column":28}},"6":{"start":{"line":20,"column":8},"end":{"line":20,"column":41}},"7":{"start":{"line":22,"column":26},"end":{"line":22,"column":74}},"8":{"start":{"line":25,"column":28},"end":{"line":25,"column":48}},"9":{"start":{"line":26,"column":27},"end":{"line":26,"column":77}},"10":{"start":{"line":27,"column":4},"end":{"line":36,"column":5}},"11":{"start":{"line":28,"column":6},"end":{"line":35,"column":9}},"12":{"start":{"line":37,"column":4},"end":{"line":37,"column":61}},"13":{"start":{"line":40,"column":26},"end":{"line":40,"column":41}},"14":{"start":{"line":41,"column":24},"end":{"line":41,"column":37}},"15":{"start":{"line":42,"column":25},"end":{"line":42,"column":39}},"16":{"start":{"line":43,"column":25},"end":{"line":43,"column":39}},"17":{"start":{"line":44,"column":24},"end":{"line":44,"column":37}},"18":{"start":{"line":45,"column":29},"end":{"line":45,"column":47}},"19":{"start":{"line":46,"column":4},"end":{"line":48,"column":5}},"20":{"start":{"line":47,"column":6},"end":{"line":47,"column":85}},"21":{"start":{"line":49,"column":4},"end":{"line":51,"column":5}},"22":{"start":{"line":50,"column":6},"end":{"line":50,"column":120}},"23":{"start":{"line":52,"column":4},"end":{"line":69,"column":80}},"24":{"start":{"line":60,"column":6},"end":{"line":67,"column":9}},"25":{"start":{"line":69,"column":26},"end":{"line":69,"column":76}},"26":{"start":{"line":73,"column":28},"end":{"line":73,"column":48}},"27":{"start":{"line":74,"column":27},"end":{"line":74,"column":77}},"28":{"start":{"line":76,"column":20},"end":{"line":76,"column":33}},"29":{"start":{"line":77,"column":21},"end":{"line":77,"column":35}},"30":{"start":{"line":78,"column":21},"end":{"line":78,"column":35}},"31":{"start":{"line":79,"column":20},"end":{"line":79,"column":33}},"32":{"start":{"line":80,"column":4},"end":{"line":82,"column":5}},"33":{"start":{"line":81,"column":6},"end":{"line":81,"column":84}},"34":{"start":{"line":83,"column":4},"end":{"line":103,"column":5}},"35":{"start":{"line":84,"column":6},"end":{"line":100,"column":7}},"36":{"start":{"line":85,"column":8},"end":{"line":85,"column":38}},"37":{"start":{"line":86,"column":8},"end":{"line":86,"column":40}},"38":{"start":{"line":87,"column":8},"end":{"line":87,"column":40}},"39":{"start":{"line":88,"column":8},"end":{"line":88,"column":38}},"40":{"start":{"line":89,"column":8},"end":{"line":89,"column":36}},"41":{"start":{"line":90,"column":8},"end":{"line":97,"column":11}},"42":{"start":{"line":99,"column":8},"end":{"line":99,"column":65}},"43":{"start":{"line":102,"column":6},"end":{"line":102,"column":68}},"44":{"start":{"line":106,"column":28},"end":{"line":106,"column":48}},"45":{"start":{"line":107,"column":27},"end":{"line":107,"column":77}},"46":{"start":{"line":108,"column":4},"end":{"line":115,"column":5}},"47":{"start":{"line":109,"column":6},"end":{"line":114,"column":7}},"48":{"start":{"line":110,"column":8},"end":{"line":110,"column":77}},"49":{"start":{"line":111,"column":8},"end":{"line":111,"column":73}},"50":{"start":{"line":113,"column":8},"end":{"line":113,"column":68}},"51":{"start":{"line":116,"column":4},"end":{"line":116,"column":66}}},"fnMap":{"0":{"name":"(anonymous_0)","decl":{"start":{"line":6,"column":15},"end":{"line":6,"column":16}},"loc":{"start":{"line":6,"column":36},"end":{"line":23,"column":3}},"line":6},"1":{"name":"(anonymous_1)","decl":{"start":{"line":8,"column":12},"end":{"line":8,"column":13}},"loc":{"start":{"line":8,"column":22},"end":{"line":21,"column":7}},"line":8},"2":{"name":"(anonymous_2)","decl":{"start":{"line":9,"column":35},"end":{"line":9,"column":36}},"loc":{"start":{"line":9,"column":48},"end":{"line":19,"column":9}},"line":9},"3":{"name":"(anonymous_3)","decl":{"start":{"line":22,"column":13},"end":{"line":22,"column":14}},"loc":{"start":{"line":22,"column":24},"end":{"line":22,"column":76}},"line":22},"4":{"name":"(anonymous_4)","decl":{"start":{"line":24,"column":16},"end":{"line":24,"column":17}},"loc":{"start":{"line":24,"column":43},"end":{"line":38,"column":3}},"line":24},"5":{"name":"(anonymous_5)","decl":{"start":{"line":39,"column":16},"end":{"line":39,"column":17}},"loc":{"start":{"line":39,"column":37},"end":{"line":70,"column":3}},"line":39},"6":{"name":"(anonymous_6)","decl":{"start":{"line":59,"column":12},"end":{"line":59,"column":13}},"loc":{"start":{"line":59,"column":22},"end":{"line":68,"column":5}},"line":59},"7":{"name":"(anonymous_7)","decl":{"start":{"line":69,"column":13},"end":{"line":69,"column":14}},"loc":{"start":{"line":69,"column":24},"end":{"line":69,"column":78}},"line":69},"8":{"name":"(anonymous_8)","decl":{"start":{"line":72,"column":15},"end":{"line":72,"column":16}},"loc":{"start":{"line":72,"column":42},"end":{"line":104,"column":3}},"line":72},"9":{"name":"(anonymous_9)","decl":{"start":{"line":105,"column":18},"end":{"line":105,"column":19}},"loc":{"start":{"line":105,"column":45},"end":{"line":117,"column":3}},"line":105}},"branchMap":{"0":{"loc":{"start":{"line":27,"column":4},"end":{"line":36,"column":5}},"type":"if","locations":[{"start":{"line":27,"column":4},"end":{"line":36,"column":5}},{"start":{},"end":{}}],"line":27},"1":{"loc":{"start":{"line":46,"column":4},"end":{"line":48,"column":5}},"type":"if","locations":[{"start":{"line":46,"column":4},"end":{"line":48,"column":5}},{"start":{},"end":{}}],"line":46},"2":{"loc":{"start":{"line":46,"column":8},"end":{"line":46,"column":96}},"type":"binary-expr","locations":[{"start":{"line":46,"column":8},"end":{"line":46,"column":27}},{"start":{"line":46,"column":31},"end":{"line":46,"column":51}},{"start":{"line":46,"column":55},"end":{"line":46,"column":73}},{"start":{"line":46,"column":77},"end":{"line":46,"column":96}}],"line":46},"3":{"loc":{"start":{"line":49,"column":4},"end":{"line":51,"column":5}},"type":"if","locations":[{"start":{"line":49,"column":4},"end":{"line":51,"column":5}},{"start":{},"end":{}}],"line":49},"4":{"loc":{"start":{"line":80,"column":4},"end":{"line":82,"column":5}},"type":"if","locations":[{"start":{"line":80,"column":4},"end":{"line":82,"column":5}},{"start":{},"end":{}}],"line":80},"5":{"loc":{"start":{"line":80,"column":8},"end":{"line":80,"column":118}},"type":"binary-expr","locations":[{"start":{"line":80,"column":8},"end":{"line":80,"column":32}},{"start":{"line":80,"column":36},"end":{"line":80,"column":61}},{"start":{"line":80,"column":65},"end":{"line":80,"column":90}},{"start":{"line":80,"column":94},"end":{"line":80,"column":118}}],"line":80},"6":{"loc":{"start":{"line":80,"column":21},"end":{"line":80,"column":31}},"type":"binary-expr","locations":[{"start":{"line":80,"column":21},"end":{"line":80,"column":25}},{"start":{"line":80,"column":29},"end":{"line":80,"column":31}}],"line":80},"7":{"loc":{"start":{"line":80,"column":50},"end":{"line":80,"column":60}},"type":"binary-expr","locations":[{"start":{"line":80,"column":50},"end":{"line":80,"column":54}},{"start":{"line":80,"column":58},"end":{"line":80,"column":60}}],"line":80},"8":{"loc":{"start":{"line":80,"column":79},"end":{"line":80,"column":89}},"type":"binary-expr","locations":[{"start":{"line":80,"column":79},"end":{"line":80,"column":83}},{"start":{"line":80,"column":87},"end":{"line":80,"column":89}}],"line":80},"9":{"loc":{"start":{"line":80,"column":107},"end":{"line":80,"column":117}},"type":"binary-expr","locations":[{"start":{"line":80,"column":107},"end":{"line":80,"column":111}},{"start":{"line":80,"column":115},"end":{"line":80,"column":117}}],"line":80},"10":{"loc":{"start":{"line":83,"column":4},"end":{"line":103,"column":5}},"type":"if","locations":[{"start":{"line":83,"column":4},"end":{"line":103,"column":5}},{"start":{"line":101,"column":11},"end":{"line":103,"column":5}}],"line":83},"11":{"loc":{"start":{"line":108,"column":4},"end":{"line":115,"column":5}},"type":"if","locations":[{"start":{"line":108,"column":4},"end":{"line":115,"column":5}},{"start":{},"end":{}}],"line":108}},"s":{"0":3,"1":3,"2":1,"3":1,"4":3,"5":3,"6":1,"7":0,"8":2,"9":2,"10":2,"11":1,"12":1,"13":1,"14":1,"15":1,"16":1,"17":1,"18":1,"19":1,"20":1,"21":0,"22":0,"23":0,"24":0,"25":0,"26":0,"27":0,"28":0,"29":0,"30":0,"31":0,"32":0,"33":0,"34":0,"35":0,"36":0,"37":0,"38":0,"39":0,"40":0,"41":0,"42":0,"43":0,"44":0,"45":0,"46":0,"47":0,"48":0,"49":0,"50":0,"51":0},"f":{"0":1,"1":1,"2":3,"3":0,"4":2,"5":1,"6":0,"7":0,"8":0,"9":0},"b":{"0":[1,1],"1":[1,0],"2":[1,1,1,1],"3":[0,0],"4":[0,0],"5":[0,0,0,0],"6":[0,0],"7":[0,0],"8":[0,0],"9":[0,0],"10":[0,0],"11":[0,0]},"_coverageSchema":"1a1c01bbd47fc00a2c39e90264f33305004495a9","hash":"abd031b527fdbb8f3c06e581bce4d888f2290532"}
,"D:\\Laboratoria\\Burguer-Queen\\LIM017-burger-queen-api\\controller\\users.js": {"path":"D:\\Laboratoria\\Burguer-Queen\\LIM017-burger-queen-api\\controller\\users.js","statementMap":{"0":{"start":{"line":1,"column":15},"end":{"line":1,"column":32}},"1":{"start":{"line":5,"column":4},"end":{"line":5,"column":36}},"2":{"start":{"line":7,"column":0},"end":{"line":118,"column":2}},"3":{"start":{"line":10,"column":4},"end":{"line":25,"column":78}},"4":{"start":{"line":12,"column":26},"end":{"line":22,"column":10}},"5":{"start":{"line":13,"column":29},"end":{"line":20,"column":11}},"6":{"start":{"line":21,"column":10},"end":{"line":21,"column":28}},"7":{"start":{"line":23,"column":8},"end":{"line":23,"column":41}},"8":{"start":{"line":25,"column":26},"end":{"line":25,"column":74}},"9":{"start":{"line":28,"column":25},"end":{"line":28,"column":39}},"10":{"start":{"line":30,"column":24},"end":{"line":30,"column":68}},"11":{"start":{"line":31,"column":4},"end":{"line":40,"column":5}},"12":{"start":{"line":32,"column":6},"end":{"line":39,"column":9}},"13":{"start":{"line":41,"column":4},"end":{"line":41,"column":63}},"14":{"start":{"line":45,"column":25},"end":{"line":45,"column":39}},"15":{"start":{"line":46,"column":28},"end":{"line":46,"column":45}},"16":{"start":{"line":47,"column":25},"end":{"line":47,"column":39}},"17":{"start":{"line":48,"column":4},"end":{"line":50,"column":5}},"18":{"start":{"line":49,"column":6},"end":{"line":49,"column":89}},"19":{"start":{"line":52,"column":17},"end":{"line":52,"column":41}},"20":{"start":{"line":53,"column":30},"end":{"line":53,"column":70}},"21":{"start":{"line":55,"column":4},"end":{"line":69,"column":78}},"22":{"start":{"line":60,"column":6},"end":{"line":67,"column":9}},"23":{"start":{"line":69,"column":26},"end":{"line":69,"column":74}},"24":{"start":{"line":73,"column":25},"end":{"line":73,"column":39}},"25":{"start":{"line":74,"column":24},"end":{"line":74,"column":68}},"26":{"start":{"line":76,"column":21},"end":{"line":76,"column":35}},"27":{"start":{"line":77,"column":24},"end":{"line":77,"column":41}},"28":{"start":{"line":78,"column":21},"end":{"line":78,"column":35}},"29":{"start":{"line":79,"column":4},"end":{"line":81,"column":5}},"30":{"start":{"line":80,"column":6},"end":{"line":80,"column":89}},"31":{"start":{"line":82,"column":4},"end":{"line":102,"column":5}},"32":{"start":{"line":83,"column":6},"end":{"line":99,"column":7}},"33":{"start":{"line":84,"column":8},"end":{"line":84,"column":37}},"34":{"start":{"line":85,"column":8},"end":{"line":85,"column":43}},"35":{"start":{"line":86,"column":8},"end":{"line":86,"column":37}},"36":{"start":{"line":88,"column":8},"end":{"line":88,"column":33}},"37":{"start":{"line":89,"column":8},"end":{"line":96,"column":11}},"38":{"start":{"line":98,"column":8},"end":{"line":98,"column":63}},"39":{"start":{"line":101,"column":6},"end":{"line":101,"column":65}},"40":{"start":{"line":105,"column":25},"end":{"line":105,"column":39}},"41":{"start":{"line":106,"column":24},"end":{"line":106,"column":68}},"42":{"start":{"line":107,"column":4},"end":{"line":115,"column":5}},"43":{"start":{"line":108,"column":6},"end":{"line":114,"column":7}},"44":{"start":{"line":110,"column":8},"end":{"line":110,"column":71}},"45":{"start":{"line":111,"column":8},"end":{"line":111,"column":70}},"46":{"start":{"line":113,"column":8},"end":{"line":113,"column":72}},"47":{"start":{"line":116,"column":4},"end":{"line":116,"column":63}}},"fnMap":{"0":{"name":"(anonymous_0)","decl":{"start":{"line":8,"column":12},"end":{"line":8,"column":13}},"loc":{"start":{"line":8,"column":33},"end":{"line":26,"column":3}},"line":8},"1":{"name":"(anonymous_1)","decl":{"start":{"line":11,"column":12},"end":{"line":11,"column":13}},"loc":{"start":{"line":11,"column":22},"end":{"line":24,"column":7}},"line":11},"2":{"name":"(anonymous_2)","decl":{"start":{"line":12,"column":35},"end":{"line":12,"column":36}},"loc":{"start":{"line":12,"column":45},"end":{"line":22,"column":9}},"line":12},"3":{"name":"(anonymous_3)","decl":{"start":{"line":25,"column":13},"end":{"line":25,"column":14}},"loc":{"start":{"line":25,"column":24},"end":{"line":25,"column":76}},"line":25},"4":{"name":"(anonymous_4)","decl":{"start":{"line":27,"column":13},"end":{"line":27,"column":14}},"loc":{"start":{"line":27,"column":34},"end":{"line":42,"column":3}},"line":27},"5":{"name":"(anonymous_5)","decl":{"start":{"line":44,"column":13},"end":{"line":44,"column":14}},"loc":{"start":{"line":44,"column":40},"end":{"line":70,"column":3}},"line":44},"6":{"name":"(anonymous_6)","decl":{"start":{"line":59,"column":12},"end":{"line":59,"column":13}},"loc":{"start":{"line":59,"column":22},"end":{"line":68,"column":5}},"line":59},"7":{"name":"(anonymous_7)","decl":{"start":{"line":69,"column":13},"end":{"line":69,"column":14}},"loc":{"start":{"line":69,"column":24},"end":{"line":69,"column":76}},"line":69},"8":{"name":"(anonymous_8)","decl":{"start":{"line":72,"column":12},"end":{"line":72,"column":13}},"loc":{"start":{"line":72,"column":39},"end":{"line":103,"column":3}},"line":72},"9":{"name":"(anonymous_9)","decl":{"start":{"line":104,"column":15},"end":{"line":104,"column":16}},"loc":{"start":{"line":104,"column":42},"end":{"line":117,"column":3}},"line":104}},"branchMap":{"0":{"loc":{"start":{"line":31,"column":4},"end":{"line":40,"column":5}},"type":"if","locations":[{"start":{"line":31,"column":4},"end":{"line":40,"column":5}},{"start":{},"end":{}}],"line":31},"1":{"loc":{"start":{"line":48,"column":4},"end":{"line":50,"column":5}},"type":"if","locations":[{"start":{"line":48,"column":4},"end":{"line":50,"column":5}},{"start":{},"end":{}}],"line":48},"2":{"loc":{"start":{"line":48,"column":8},"end":{"line":48,"column":104}},"type":"binary-expr","locations":[{"start":{"line":48,"column":8},"end":{"line":48,"column":28}},{"start":{"line":48,"column":32},"end":{"line":48,"column":55}},{"start":{"line":48,"column":59},"end":{"line":48,"column":78}},{"start":{"line":48,"column":82},"end":{"line":48,"column":104}}],"line":48},"3":{"loc":{"start":{"line":79,"column":4},"end":{"line":81,"column":5}},"type":"if","locations":[{"start":{"line":79,"column":4},"end":{"line":81,"column":5}},{"start":{},"end":{}}],"line":79},"4":{"loc":{"start":{"line":79,"column":8},"end":{"line":79,"column":88}},"type":"binary-expr","locations":[{"start":{"line":79,"column":8},"end":{"line":79,"column":24}},{"start":{"line":79,"column":28},"end":{"line":79,"column":47}},{"start":{"line":79,"column":51},"end":{"line":79,"column":66}},{"start":{"line":79,"column":70},"end":{"line":79,"column":88}}],"line":79},"5":{"loc":{"start":{"line":82,"column":4},"end":{"line":102,"column":5}},"type":"if","locations":[{"start":{"line":82,"column":4},"end":{"line":102,"column":5}},{"start":{"line":100,"column":11},"end":{"line":102,"column":5}}],"line":82},"6":{"loc":{"start":{"line":107,"column":4},"end":{"line":115,"column":5}},"type":"if","locations":[{"start":{"line":107,"column":4},"end":{"line":115,"column":5}},{"start":{},"end":{}}],"line":107}},"s":{"0":3,"1":3,"2":3,"3":1,"4":1,"5":1,"6":1,"7":1,"8":0,"9":0,"10":0,"11":0,"12":0,"13":0,"14":0,"15":0,"16":0,"17":0,"18":0,"19":0,"20":0,"21":0,"22":0,"23":0,"24":0,"25":0,"26":0,"27":0,"28":0,"29":0,"30":0,"31":0,"32":0,"33":0,"34":0,"35":0,"36":0,"37":0,"38":0,"39":0,"40":0,"41":0,"42":0,"43":0,"44":0,"45":0,"46":0,"47":0},"f":{"0":1,"1":1,"2":1,"3":0,"4":0,"5":0,"6":0,"7":0,"8":0,"9":0},"b":{"0":[0,0],"1":[0,0],"2":[0,0,0,0],"3":[0,0],"4":[0,0,0,0],"5":[0,0],"6":[0,0]},"_coverageSchema":"1a1c01bbd47fc00a2c39e90264f33305004495a9","hash":"a52f82afac61df8defe1dd278fcf71c47bde4887"}
,"D:\\Laboratoria\\Burguer-Queen\\LIM017-burger-queen-api\\database\\database.js": {"path":"D:\\Laboratoria\\Burguer-Queen\\LIM017-burger-queen-api\\database\\database.js","statementMap":{"0":{"start":{"line":1,"column":18},"end":{"line":1,"column":38}},"1":{"start":{"line":4,"column":26},"end":{"line":9,"column":2}},"2":{"start":{"line":11,"column":0},"end":{"line":13,"column":2}}},"fnMap":{},"branchMap":{},"s":{"0":3,"1":3,"2":3},"f":{},"b":{},"_coverageSchema":"1a1c01bbd47fc00a2c39e90264f33305004495a9","hash":"8b4808d2ffcdb07512202c049afd91fa3840eda5"}
,"D:\\Laboratoria\\Burguer-Queen\\LIM017-burger-queen-api\\middleware\\auth.js": {"path":"D:\\Laboratoria\\Burguer-Queen\\LIM017-burger-queen-api\\middleware\\auth.js","statementMap":{"0":{"start":{"line":1,"column":12},"end":{"line":1,"column":35}},"1":{"start":{"line":2,"column":15},"end":{"line":2,"column":35}},"2":{"start":{"line":4,"column":0},"end":{"line":24,"column":2}},"3":{"start":{"line":4,"column":29},"end":{"line":24,"column":1}},"4":{"start":{"line":5,"column":28},"end":{"line":5,"column":39}},"5":{"start":{"line":7,"column":2},"end":{"line":9,"column":3}},"6":{"start":{"line":8,"column":4},"end":{"line":8,"column":18}},"7":{"start":{"line":11,"column":24},"end":{"line":11,"column":48}},"8":{"start":{"line":13,"column":2},"end":{"line":15,"column":3}},"9":{"start":{"line":14,"column":4},"end":{"line":14,"column":18}},"10":{"start":{"line":17,"column":2},"end":{"line":23,"column":5}},"11":{"start":{"line":18,"column":4},"end":{"line":20,"column":5}},"12":{"start":{"line":19,"column":6},"end":{"line":19,"column":23}},"13":{"start":{"line":26,"column":0},"end":{"line":46,"column":2}},"14":{"start":{"line":28,"column":16},"end":{"line":28,"column":43}},"15":{"start":{"line":29,"column":23},"end":{"line":29,"column":28}},"16":{"start":{"line":32,"column":2},"end":{"line":44,"column":3}},"17":{"start":{"line":33,"column":4},"end":{"line":41,"column":7}},"18":{"start":{"line":34,"column":6},"end":{"line":40,"column":7}},"19":{"start":{"line":35,"column":8},"end":{"line":35,"column":44}},"20":{"start":{"line":37,"column":8},"end":{"line":37,"column":30}},"21":{"start":{"line":38,"column":8},"end":{"line":38,"column":62}},"22":{"start":{"line":39,"column":8},"end":{"line":39,"column":30}},"23":{"start":{"line":43,"column":4},"end":{"line":43,"column":50}},"24":{"start":{"line":45,"column":2},"end":{"line":45,"column":24}},"25":{"start":{"line":48,"column":0},"end":{"line":65,"column":2}},"26":{"start":{"line":50,"column":20},"end":{"line":50,"column":25}},"27":{"start":{"line":52,"column":2},"end":{"line":62,"column":5}},"28":{"start":{"line":53,"column":4},"end":{"line":61,"column":5}},"29":{"start":{"line":54,"column":6},"end":{"line":54,"column":42}},"30":{"start":{"line":56,"column":6},"end":{"line":56,"column":28}},"31":{"start":{"line":57,"column":6},"end":{"line":57,"column":60}},"32":{"start":{"line":58,"column":6},"end":{"line":58,"column":72}},"33":{"start":{"line":60,"column":6},"end":{"line":60,"column":34}},"34":{"start":{"line":63,"column":2},"end":{"line":63,"column":54}},"35":{"start":{"line":64,"column":2},"end":{"line":64,"column":21}},"36":{"start":{"line":67,"column":0},"end":{"line":71,"column":2}},"37":{"start":{"line":68,"column":2},"end":{"line":70,"column":12}},"38":{"start":{"line":73,"column":0},"end":{"line":80,"column":2}},"39":{"start":{"line":75,"column":2},"end":{"line":79,"column":14}}},"fnMap":{"0":{"name":"(anonymous_0)","decl":{"start":{"line":4,"column":17},"end":{"line":4,"column":18}},"loc":{"start":{"line":4,"column":29},"end":{"line":24,"column":1}},"line":4},"1":{"name":"(anonymous_1)","decl":{"start":{"line":4,"column":29},"end":{"line":4,"column":30}},"loc":{"start":{"line":4,"column":50},"end":{"line":24,"column":1}},"line":4},"2":{"name":"(anonymous_2)","decl":{"start":{"line":17,"column":28},"end":{"line":17,"column":29}},"loc":{"start":{"line":17,"column":51},"end":{"line":23,"column":3}},"line":17},"3":{"name":"(anonymous_3)","decl":{"start":{"line":26,"column":33},"end":{"line":26,"column":34}},"loc":{"start":{"line":26,"column":42},"end":{"line":46,"column":1}},"line":26},"4":{"name":"(anonymous_4)","decl":{"start":{"line":33,"column":37},"end":{"line":33,"column":38}},"loc":{"start":{"line":33,"column":55},"end":{"line":41,"column":5}},"line":33},"5":{"name":"(anonymous_5)","decl":{"start":{"line":48,"column":25},"end":{"line":48,"column":26}},"loc":{"start":{"line":48,"column":34},"end":{"line":65,"column":1}},"line":48},"6":{"name":"(anonymous_6)","decl":{"start":{"line":52,"column":57},"end":{"line":52,"column":58}},"loc":{"start":{"line":52,"column":75},"end":{"line":62,"column":3}},"line":52},"7":{"name":"(anonymous_7)","decl":{"start":{"line":67,"column":29},"end":{"line":67,"column":30}},"loc":{"start":{"line":68,"column":2},"end":{"line":70,"column":12}},"line":68},"8":{"name":"(anonymous_8)","decl":{"start":{"line":73,"column":30},"end":{"line":73,"column":31}},"loc":{"start":{"line":75,"column":2},"end":{"line":79,"column":14}},"line":75}},"branchMap":{"0":{"loc":{"start":{"line":7,"column":2},"end":{"line":9,"column":3}},"type":"if","locations":[{"start":{"line":7,"column":2},"end":{"line":9,"column":3}},{"start":{},"end":{}}],"line":7},"1":{"loc":{"start":{"line":13,"column":2},"end":{"line":15,"column":3}},"type":"if","locations":[{"start":{"line":13,"column":2},"end":{"line":15,"column":3}},{"start":{},"end":{}}],"line":13},"2":{"loc":{"start":{"line":18,"column":4},"end":{"line":20,"column":5}},"type":"if","locations":[{"start":{"line":18,"column":4},"end":{"line":20,"column":5}},{"start":{},"end":{}}],"line":18},"3":{"loc":{"start":{"line":32,"column":2},"end":{"line":44,"column":3}},"type":"if","locations":[{"start":{"line":32,"column":2},"end":{"line":44,"column":3}},{"start":{"line":42,"column":9},"end":{"line":44,"column":3}}],"line":32},"4":{"loc":{"start":{"line":34,"column":6},"end":{"line":40,"column":7}},"type":"if","locations":[{"start":{"line":34,"column":6},"end":{"line":40,"column":7}},{"start":{"line":36,"column":13},"end":{"line":40,"column":7}}],"line":34},"5":{"loc":{"start":{"line":53,"column":4},"end":{"line":61,"column":5}},"type":"if","locations":[{"start":{"line":53,"column":4},"end":{"line":61,"column":5}},{"start":{"line":55,"column":11},"end":{"line":61,"column":5}}],"line":53},"6":{"loc":{"start":{"line":68,"column":2},"end":{"line":70,"column":12}},"type":"cond-expr","locations":[{"start":{"line":69,"column":6},"end":{"line":69,"column":15}},{"start":{"line":70,"column":6},"end":{"line":70,"column":12}}],"line":68},"7":{"loc":{"start":{"line":75,"column":2},"end":{"line":79,"column":14}},"type":"cond-expr","locations":[{"start":{"line":76,"column":6},"end":{"line":76,"column":15}},{"start":{"line":77,"column":6},"end":{"line":79,"column":14}}],"line":75},"8":{"loc":{"start":{"line":77,"column":6},"end":{"line":79,"column":14}},"type":"cond-expr","locations":[{"start":{"line":78,"column":8},"end":{"line":78,"column":17}},{"start":{"line":79,"column":8},"end":{"line":79,"column":14}}],"line":77}},"s":{"0":3,"1":3,"2":3,"3":3,"4":17,"5":17,"6":17,"7":0,"8":0,"9":0,"10":0,"11":0,"12":0,"13":3,"14":6,"15":6,"16":6,"17":6,"18":6,"19":1,"20":5,"21":5,"22":5,"23":0,"24":6,"25":3,"26":2,"27":2,"28":2,"29":0,"30":2,"31":2,"32":2,"33":2,"34":2,"35":2,"36":3,"37":3,"38":3,"39":3},"f":{"0":3,"1":17,"2":0,"3":6,"4":6,"5":2,"6":2,"7":3,"8":3},"b":{"0":[17,0],"1":[0,0],"2":[0,0],"3":[6,0],"4":[1,5],"5":[0,2],"6":[0,3],"7":[1,2],"8":[0,2]},"_coverageSchema":"1a1c01bbd47fc00a2c39e90264f33305004495a9","hash":"03f7025fdb252b6d195a3e9259fd48b9dcb04a84"}
,"D:\\Laboratoria\\Burguer-Queen\\LIM017-burger-queen-api\\middleware\\error.js": {"path":"D:\\Laboratoria\\Burguer-Queen\\LIM017-burger-queen-api\\middleware\\error.js","statementMap":{"0":{"start":{"line":1,"column":19},"end":{"line":7,"column":1}},"1":{"start":{"line":9,"column":31},"end":{"line":11,"column":1}},"2":{"start":{"line":10,"column":2},"end":{"line":10,"column":75}},"3":{"start":{"line":14,"column":0},"end":{"line":26,"column":2}},"4":{"start":{"line":15,"column":21},"end":{"line":17,"column":27}},"5":{"start":{"line":18,"column":18},"end":{"line":18,"column":62}},"6":{"start":{"line":20,"column":2},"end":{"line":22,"column":3}},"7":{"start":{"line":21,"column":4},"end":{"line":21,"column":39}},"8":{"start":{"line":24,"column":2},"end":{"line":24,"column":56}},"9":{"start":{"line":25,"column":2},"end":{"line":25,"column":9}}},"fnMap":{"0":{"name":"(anonymous_0)","decl":{"start":{"line":9,"column":31},"end":{"line":9,"column":32}},"loc":{"start":{"line":10,"column":2},"end":{"line":10,"column":75}},"line":10},"1":{"name":"(anonymous_1)","decl":{"start":{"line":14,"column":17},"end":{"line":14,"column":18}},"loc":{"start":{"line":14,"column":43},"end":{"line":26,"column":1}},"line":14}},"branchMap":{"0":{"loc":{"start":{"line":10,"column":2},"end":{"line":10,"column":75}},"type":"binary-expr","locations":[{"start":{"line":10,"column":2},"end":{"line":10,"column":25}},{"start":{"line":10,"column":29},"end":{"line":10,"column":75}}],"line":10},"1":{"loc":{"start":{"line":15,"column":21},"end":{"line":17,"column":27}},"type":"cond-expr","locations":[{"start":{"line":16,"column":6},"end":{"line":16,"column":9}},{"start":{"line":17,"column":6},"end":{"line":17,"column":27}}],"line":15},"2":{"loc":{"start":{"line":17,"column":6},"end":{"line":17,"column":27}},"type":"binary-expr","locations":[{"start":{"line":17,"column":6},"end":{"line":17,"column":20}},{"start":{"line":17,"column":24},"end":{"line":17,"column":27}}],"line":17},"3":{"loc":{"start":{"line":18,"column":18},"end":{"line":18,"column":62}},"type":"binary-expr","locations":[{"start":{"line":18,"column":18},"end":{"line":18,"column":29}},{"start":{"line":18,"column":33},"end":{"line":18,"column":55}},{"start":{"line":18,"column":59},"end":{"line":18,"column":62}}],"line":18},"4":{"loc":{"start":{"line":20,"column":2},"end":{"line":22,"column":3}},"type":"if","locations":[{"start":{"line":20,"column":2},"end":{"line":22,"column":3}},{"start":{},"end":{}}],"line":20}},"s":{"0":3,"1":3,"2":2,"3":3,"4":2,"5":2,"6":2,"7":0,"8":2,"9":1},"f":{"0":2,"1":2},"b":{"0":[2,2],"1":[2,0],"2":[0,0],"3":[2,2,0],"4":[0,2]},"_coverageSchema":"1a1c01bbd47fc00a2c39e90264f33305004495a9","hash":"1839efe455fad9ee4306a3dada285fb5a13322da"}
,"D:\\Laboratoria\\Burguer-Queen\\LIM017-burger-queen-api\\models\\modelScheme.js": {"path":"D:\\Laboratoria\\Burguer-Queen\\LIM017-burger-queen-api\\models\\modelScheme.js","statementMap":{"0":{"start":{"line":1,"column":22},"end":{"line":1,"column":42}},"1":{"start":{"line":4,"column":4},"end":{"line":4,"column":35}},"2":{"start":{"line":6,"column":19},"end":{"line":6,"column":36}},"3":{"start":{"line":9,"column":24},"end":{"line":35,"column":25}},"4":{"start":{"line":38,"column":27},"end":{"line":64,"column":25}},"5":{"start":{"line":67,"column":25},"end":{"line":85,"column":25}},"6":{"start":{"line":87,"column":33},"end":{"line":106,"column":25}},"7":{"start":{"line":109,"column":0},"end":{"line":112,"column":44}},"8":{"start":{"line":115,"column":0},"end":{"line":122,"column":3}},"9":{"start":{"line":154,"column":0},"end":{"line":154,"column":84}},"10":{"start":{"line":155,"column":0},"end":{"line":155,"column":82}},"11":{"start":{"line":157,"column":0},"end":{"line":157,"column":80}},"12":{"start":{"line":158,"column":0},"end":{"line":158,"column":78}},"13":{"start":{"line":160,"column":0},"end":{"line":165,"column":2}}},"fnMap":{},"branchMap":{},"s":{"0":3,"1":3,"2":3,"3":3,"4":3,"5":3,"6":3,"7":3,"8":3,"9":3,"10":3,"11":3,"12":3,"13":3},"f":{},"b":{},"_coverageSchema":"1a1c01bbd47fc00a2c39e90264f33305004495a9","hash":"ee36db569b914d52ca0bca9323f1101c045003e8"}
,"D:\\Laboratoria\\Burguer-Queen\\LIM017-burger-queen-api\\routes\\auth.js": {"path":"D:\\Laboratoria\\Burguer-Queen\\LIM017-burger-queen-api\\routes\\auth.js","statementMap":{"0":{"start":{"line":3,"column":4},"end":{"line":3,"column":33}},"1":{"start":{"line":6,"column":0},"end":{"line":23,"column":2}},"2":{"start":{"line":20,"column":2},"end":{"line":20,"column":30}},"3":{"start":{"line":22,"column":2},"end":{"line":22,"column":20}}},"fnMap":{"0":{"name":"(anonymous_0)","decl":{"start":{"line":6,"column":17},"end":{"line":6,"column":18}},"loc":{"start":{"line":6,"column":36},"end":{"line":23,"column":1}},"line":6}},"branchMap":{},"s":{"0":3,"1":3,"2":3,"3":3},"f":{"0":3},"b":{},"_coverageSchema":"1a1c01bbd47fc00a2c39e90264f33305004495a9","hash":"2eac8c916c730515590feb6e1ca4eb106ef68a3d"}
,"D:\\Laboratoria\\Burguer-Queen\\LIM017-burger-queen-api\\routes\\index.js": {"path":"D:\\Laboratoria\\Burguer-Queen\\LIM017-burger-queen-api\\routes\\index.js","statementMap":{"0":{"start":{"line":1,"column":13},"end":{"line":1,"column":30}},"1":{"start":{"line":2,"column":14},"end":{"line":2,"column":32}},"2":{"start":{"line":3,"column":17},"end":{"line":3,"column":38}},"3":{"start":{"line":4,"column":15},"end":{"line":4,"column":34}},"4":{"start":{"line":6,"column":13},"end":{"line":11,"column":1}},"5":{"start":{"line":7,"column":14},"end":{"line":7,"column":28}},"6":{"start":{"line":8,"column":2},"end":{"line":8,"column":81}},"7":{"start":{"line":8,"column":29},"end":{"line":8,"column":79}},"8":{"start":{"line":9,"column":2},"end":{"line":9,"column":53}},"9":{"start":{"line":9,"column":39},"end":{"line":9,"column":51}},"10":{"start":{"line":10,"column":2},"end":{"line":10,"column":16}},"11":{"start":{"line":14,"column":17},"end":{"line":25,"column":1}},"12":{"start":{"line":15,"column":2},"end":{"line":17,"column":3}},"13":{"start":{"line":16,"column":4},"end":{"line":16,"column":16}},"14":{"start":{"line":19,"column":2},"end":{"line":24,"column":5}},"15":{"start":{"line":20,"column":4},"end":{"line":22,"column":5}},"16":{"start":{"line":21,"column":6},"end":{"line":21,"column":21}},"17":{"start":{"line":23,"column":4},"end":{"line":23,"column":46}},"18":{"start":{"line":27,"column":0},"end":{"line":33,"column":9}},"19":{"start":{"line":27,"column":32},"end":{"line":33,"column":8}}},"fnMap":{"0":{"name":"(anonymous_0)","decl":{"start":{"line":6,"column":13},"end":{"line":6,"column":14}},"loc":{"start":{"line":6,"column":28},"end":{"line":11,"column":1}},"line":6},"1":{"name":"(anonymous_1)","decl":{"start":{"line":8,"column":15},"end":{"line":8,"column":16}},"loc":{"start":{"line":8,"column":29},"end":{"line":8,"column":79}},"line":8},"2":{"name":"(anonymous_2)","decl":{"start":{"line":9,"column":15},"end":{"line":9,"column":16}},"loc":{"start":{"line":9,"column":39},"end":{"line":9,"column":51}},"line":9},"3":{"name":"(anonymous_3)","decl":{"start":{"line":14,"column":17},"end":{"line":14,"column":18}},"loc":{"start":{"line":14,"column":38},"end":{"line":25,"column":1}},"line":14},"4":{"name":"(anonymous_4)","decl":{"start":{"line":19,"column":17},"end":{"line":19,"column":18}},"loc":{"start":{"line":19,"column":26},"end":{"line":24,"column":3}},"line":19},"5":{"name":"(anonymous_5)","decl":{"start":{"line":27,"column":17},"end":{"line":27,"column":18}},"loc":{"start":{"line":27,"column":32},"end":{"line":33,"column":8}},"line":27}},"branchMap":{"0":{"loc":{"start":{"line":15,"column":2},"end":{"line":17,"column":3}},"type":"if","locations":[{"start":{"line":15,"column":2},"end":{"line":17,"column":3}},{"start":{},"end":{}}],"line":15},"1":{"loc":{"start":{"line":20,"column":4},"end":{"line":22,"column":5}},"type":"if","locations":[{"start":{"line":20,"column":4},"end":{"line":22,"column":5}},{"start":{},"end":{}}],"line":20}},"s":{"0":3,"1":3,"2":3,"3":3,"4":3,"5":3,"6":3,"7":0,"8":3,"9":1,"10":3,"11":3,"12":18,"13":3,"14":15,"15":15,"16":0,"17":15,"18":3,"19":3},"f":{"0":3,"1":0,"2":1,"3":18,"4":15,"5":3},"b":{"0":[3,15],"1":[0,15]},"_coverageSchema":"1a1c01bbd47fc00a2c39e90264f33305004495a9","hash":"7a1d418517b11997b69ca467045cef8ab55f9087"}
,"D:\\Laboratoria\\Burguer-Queen\\LIM017-burger-queen-api\\routes\\orders.js": {"path":"D:\\Laboratoria\\Burguer-Queen\\LIM017-burger-queen-api\\routes\\orders.js","statementMap":{"0":{"start":{"line":3,"column":4},"end":{"line":3,"column":33}},"1":{"start":{"line":14,"column":4},"end":{"line":14,"column":35}},"2":{"start":{"line":17,"column":0},"end":{"line":156,"column":2}},"3":{"start":{"line":44,"column":2},"end":{"line":44,"column":60}},"4":{"start":{"line":66,"column":2},"end":{"line":66,"column":58}},"5":{"start":{"line":68,"column":2},"end":{"line":68,"column":62}},"6":{"start":{"line":70,"column":2},"end":{"line":70,"column":68}},"7":{"start":{"line":72,"column":2},"end":{"line":72,"column":63}},"8":{"start":{"line":100,"column":2},"end":{"line":100,"column":47}},"9":{"start":{"line":130,"column":2},"end":{"line":130,"column":58}},"10":{"start":{"line":153,"column":2},"end":{"line":153,"column":64}},"11":{"start":{"line":155,"column":2},"end":{"line":155,"column":13}}},"fnMap":{"0":{"name":"(anonymous_0)","decl":{"start":{"line":17,"column":17},"end":{"line":17,"column":18}},"loc":{"start":{"line":17,"column":36},"end":{"line":156,"column":1}},"line":17}},"branchMap":{},"s":{"0":3,"1":3,"2":3,"3":3,"4":3,"5":3,"6":3,"7":3,"8":3,"9":3,"10":3,"11":3},"f":{"0":3},"b":{},"_coverageSchema":"1a1c01bbd47fc00a2c39e90264f33305004495a9","hash":"c122b9b3c680fed609b140cfa52f281865ba066a"}
,"D:\\Laboratoria\\Burguer-Queen\\LIM017-burger-queen-api\\routes\\products.js": {"path":"D:\\Laboratoria\\Burguer-Queen\\LIM017-burger-queen-api\\routes\\products.js","statementMap":{"0":{"start":{"line":4,"column":4},"end":{"line":4,"column":33}},"1":{"start":{"line":12,"column":4},"end":{"line":12,"column":37}},"2":{"start":{"line":15,"column":0},"end":{"line":130,"column":2}},"3":{"start":{"line":38,"column":2},"end":{"line":38,"column":49}},"4":{"start":{"line":57,"column":2},"end":{"line":57,"column":61}},"5":{"start":{"line":82,"column":2},"end":{"line":82,"column":52}},"6":{"start":{"line":107,"column":2},"end":{"line":107,"column":61}},"7":{"start":{"line":127,"column":2},"end":{"line":127,"column":67}},"8":{"start":{"line":129,"column":2},"end":{"line":129,"column":13}}},"fnMap":{"0":{"name":"(anonymous_0)","decl":{"start":{"line":15,"column":17},"end":{"line":15,"column":18}},"loc":{"start":{"line":15,"column":36},"end":{"line":130,"column":1}},"line":15}},"branchMap":{},"s":{"0":3,"1":3,"2":3,"3":3,"4":3,"5":3,"6":3,"7":3,"8":3},"f":{"0":3},"b":{},"_coverageSchema":"1a1c01bbd47fc00a2c39e90264f33305004495a9","hash":"8073c5ae3d9c1b61e1f57f45812364ca5183f488"}
,"D:\\Laboratoria\\Burguer-Queen\\LIM017-burger-queen-api\\routes\\users.js": {"path":"D:\\Laboratoria\\Burguer-Queen\\LIM017-burger-queen-api\\routes\\users.js","statementMap":{"0":{"start":{"line":1,"column":15},"end":{"line":1,"column":32}},"1":{"start":{"line":6,"column":4},"end":{"line":6,"column":33}},"2":{"start":{"line":14,"column":4},"end":{"line":14,"column":34}},"3":{"start":{"line":15,"column":21},"end":{"line":15,"column":47}},"4":{"start":{"line":17,"column":22},"end":{"line":31,"column":1}},"5":{"start":{"line":18,"column":40},"end":{"line":18,"column":57}},"6":{"start":{"line":19,"column":2},"end":{"line":21,"column":3}},"7":{"start":{"line":20,"column":4},"end":{"line":20,"column":18}},"8":{"start":{"line":23,"column":20},"end":{"line":27,"column":3}},"9":{"start":{"line":30,"column":2},"end":{"line":30,"column":9}},"10":{"start":{"line":60,"column":0},"end":{"line":166,"column":2}},"11":{"start":{"line":82,"column":2},"end":{"line":82,"column":44}},"12":{"start":{"line":100,"column":2},"end":{"line":100,"column":49}},"13":{"start":{"line":121,"column":2},"end":{"line":121,"column":32}},"14":{"start":{"line":145,"column":2},"end":{"line":145,"column":49}},"15":{"start":{"line":163,"column":2},"end":{"line":163,"column":54}},"16":{"start":{"line":165,"column":2},"end":{"line":165,"column":27}}},"fnMap":{"0":{"name":"(anonymous_0)","decl":{"start":{"line":17,"column":22},"end":{"line":17,"column":23}},"loc":{"start":{"line":17,"column":37},"end":{"line":31,"column":1}},"line":17},"1":{"name":"(anonymous_1)","decl":{"start":{"line":60,"column":17},"end":{"line":60,"column":18}},"loc":{"start":{"line":60,"column":32},"end":{"line":166,"column":1}},"line":60}},"branchMap":{"0":{"loc":{"start":{"line":19,"column":2},"end":{"line":21,"column":3}},"type":"if","locations":[{"start":{"line":19,"column":2},"end":{"line":21,"column":3}},{"start":{},"end":{}}],"line":19},"1":{"loc":{"start":{"line":19,"column":6},"end":{"line":19,"column":35}},"type":"binary-expr","locations":[{"start":{"line":19,"column":6},"end":{"line":19,"column":17}},{"start":{"line":19,"column":21},"end":{"line":19,"column":35}}],"line":19}},"s":{"0":3,"1":3,"2":3,"3":3,"4":3,"5":3,"6":3,"7":0,"8":3,"9":3,"10":3,"11":3,"12":3,"13":3,"14":3,"15":3,"16":3},"f":{"0":3,"1":3},"b":{"0":[0,3],"1":[3,3]},"_coverageSchema":"1a1c01bbd47fc00a2c39e90264f33305004495a9","hash":"f13179acbce4d9742bfe5cfa2b4f5cefe4765721"}
}
