TN:
SF:config.js
FNF:0
FNH:0
DA:1,3
DA:2,3
DA:3,3
DA:4,3
DA:5,3
DA:6,3
LF:6
LH:6
BRDA:1,0,0,3
BRDA:1,0,1,3
BRDA:1,0,2,3
BRDA:2,1,0,3
BRDA:2,1,1,3
BRDA:3,2,0,3
BRDA:3,2,1,3
BRDA:4,3,0,3
BRDA:4,3,1,3
BRDA:6,4,0,3
BRDA:6,4,1,3
BRF:11
BRH:11
end_of_record
TN:
SF:server.js
FN:20,(anonymous_0)
FNF:1
FNH:1
FNDA:3,(anonymous_0)
DA:1,3
DA:2,3
DA:3,3
DA:4,3
DA:5,3
DA:6,3
DA:10,3
DA:11,3
DA:13,3
DA:14,3
DA:16,3
DA:17,3
DA:18,3
DA:20,3
DA:21,3
DA:22,0
DA:24,3
DA:27,3
LF:18
LH:17
BRDA:21,0,0,0
BRDA:21,0,1,3
BRF:2
BRH:1
end_of_record
TN:
SF:controller\auth.js
FN:10,(anonymous_0)
FNF:1
FNH:1
FNDA:11,(anonymous_0)
DA:1,3
DA:2,3
DA:3,3
DA:7,3
DA:9,3
DA:11,11
DA:12,11
DA:14,11
DA:15,2
DA:18,9
DA:22,9
DA:24,8
DA:25,8
DA:28,7
DA:33,7
DA:37,7
DA:39,1
DA:41,1
DA:43,1
LF:19
LH:19
BRDA:14,0,0,2
BRDA:14,0,1,9
BRDA:14,1,0,11
BRDA:14,1,1,10
BRDA:14,1,2,10
BRDA:14,1,3,9
BRDA:22,2,0,8
BRDA:22,2,1,1
BRDA:25,3,0,7
BRDA:25,3,1,1
BRF:10
BRH:10
end_of_record
TN:
SF:controller\orders.js
FN:8,(anonymous_0)
FN:16,(anonymous_1)
FN:17,(anonymous_2)
FN:20,(anonymous_3)
FN:30,(anonymous_4)
FN:42,(anonymous_5)
FN:45,(anonymous_6)
FN:52,(anonymous_7)
FN:55,(anonymous_8)
FN:61,(anonymous_9)
FN:74,(anonymous_10)
FN:85,(anonymous_11)
FN:95,(anonymous_12)
FN:101,(anonymous_13)
FN:129,(anonymous_14)
FNF:15
FNH:0
FNDA:0,(anonymous_0)
FNDA:0,(anonymous_1)
FNDA:0,(anonymous_2)
FNDA:0,(anonymous_3)
FNDA:0,(anonymous_4)
FNDA:0,(anonymous_5)
FNDA:0,(anonymous_6)
FNDA:0,(anonymous_7)
FNDA:0,(anonymous_8)
FNDA:0,(anonymous_9)
FNDA:0,(anonymous_10)
FNDA:0,(anonymous_11)
FNDA:0,(anonymous_12)
FNDA:0,(anonymous_13)
FNDA:0,(anonymous_14)
DA:5,3
DA:7,3
DA:9,0
DA:10,0
DA:12,0
DA:16,0
DA:17,0
DA:21,0
DA:23,0
DA:24,0
DA:25,0
DA:27,0
DA:31,0
DA:32,0
DA:34,0
DA:42,0
DA:46,0
DA:52,0
DA:56,0
DA:57,0
DA:62,0
DA:63,0
DA:71,0
DA:75,0
DA:76,0
DA:77,0
DA:78,0
DA:81,0
DA:86,0
DA:88,0
DA:94,0
DA:96,0
DA:102,0
DA:103,0
DA:105,0
DA:106,0
DA:107,0
DA:108,0
DA:109,0
DA:111,0
DA:112,0
DA:113,0
DA:114,0
DA:115,0
DA:116,0
DA:117,0
DA:118,0
DA:119,0
DA:121,0
DA:124,0
DA:130,0
DA:131,0
DA:132,0
DA:133,0
DA:134,0
DA:135,0
DA:137,0
DA:140,0
LF:58
LH:2
BRDA:24,0,0,0
BRDA:24,0,1,0
BRDA:62,1,0,0
BRDA:62,1,1,0
BRDA:96,2,0,0
BRDA:96,2,1,0
BRDA:111,3,0,0
BRDA:111,3,1,0
BRDA:132,4,0,0
BRDA:132,4,1,0
BRF:10
BRH:0
end_of_record
TN:
SF:controller\products.js
FN:6,(anonymous_0)
FN:8,(anonymous_1)
FN:9,(anonymous_2)
FN:22,(anonymous_3)
FN:24,(anonymous_4)
FN:39,(anonymous_5)
FN:59,(anonymous_6)
FN:69,(anonymous_7)
FN:72,(anonymous_8)
FN:105,(anonymous_9)
FNF:10
FNH:5
FNDA:1,(anonymous_0)
FNDA:1,(anonymous_1)
FNDA:3,(anonymous_2)
FNDA:0,(anonymous_3)
FNDA:2,(anonymous_4)
FNDA:1,(anonymous_5)
FNDA:0,(anonymous_6)
FNDA:0,(anonymous_7)
FNDA:0,(anonymous_8)
FNDA:0,(anonymous_9)
DA:3,3
DA:5,3
DA:7,1
DA:9,1
DA:10,3
DA:18,3
DA:20,1
DA:22,0
DA:25,2
DA:26,2
DA:27,2
DA:28,1
DA:37,1
DA:40,1
DA:41,1
DA:42,1
DA:43,1
DA:44,1
DA:45,1
DA:46,1
DA:47,1
DA:49,0
DA:50,0
DA:52,0
DA:60,0
DA:69,0
DA:73,0
DA:74,0
DA:76,0
DA:77,0
DA:78,0
DA:79,0
DA:80,0
DA:81,0
DA:83,0
DA:84,0
DA:85,0
DA:86,0
DA:87,0
DA:88,0
DA:89,0
DA:90,0
DA:99,0
DA:102,0
DA:106,0
DA:107,0
DA:108,0
DA:109,0
DA:110,0
DA:111,0
DA:113,0
DA:116,0
LF:52
LH:20
BRDA:27,0,0,1
BRDA:27,0,1,1
BRDA:46,1,0,1
BRDA:46,1,1,0
BRDA:46,2,0,1
BRDA:46,2,1,1
BRDA:46,2,2,1
BRDA:46,2,3,1
BRDA:49,3,0,0
BRDA:49,3,1,0
BRDA:80,4,0,0
BRDA:80,4,1,0
BRDA:80,5,0,0
BRDA:80,5,1,0
BRDA:80,5,2,0
BRDA:80,5,3,0
BRDA:80,6,0,0
BRDA:80,6,1,0
BRDA:80,7,0,0
BRDA:80,7,1,0
BRDA:80,8,0,0
BRDA:80,8,1,0
BRDA:80,9,0,0
BRDA:80,9,1,0
BRDA:83,10,0,0
BRDA:83,10,1,0
BRDA:108,11,0,0
BRDA:108,11,1,0
BRF:28
BRH:7
end_of_record
TN:
SF:controller\users.js
FN:8,(anonymous_0)
FN:11,(anonymous_1)
FN:12,(anonymous_2)
FN:25,(anonymous_3)
FN:27,(anonymous_4)
FN:44,(anonymous_5)
FN:59,(anonymous_6)
FN:69,(anonymous_7)
FN:72,(anonymous_8)
FN:104,(anonymous_9)
FNF:10
FNH:3
FNDA:1,(anonymous_0)
FNDA:1,(anonymous_1)
FNDA:1,(anonymous_2)
FNDA:0,(anonymous_3)
FNDA:0,(anonymous_4)
FNDA:0,(anonymous_5)
FNDA:0,(anonymous_6)
FNDA:0,(anonymous_7)
FNDA:0,(anonymous_8)
FNDA:0,(anonymous_9)
DA:1,3
DA:5,3
DA:7,3
DA:10,1
DA:12,1
DA:13,1
DA:21,1
DA:23,1
DA:25,0
DA:28,0
DA:30,0
DA:31,0
DA:32,0
DA:41,0
DA:45,0
DA:46,0
DA:47,0
DA:48,0
DA:49,0
DA:52,0
DA:53,0
DA:55,0
DA:60,0
DA:69,0
DA:73,0
DA:74,0
DA:76,0
DA:77,0
DA:78,0
DA:79,0
DA:80,0
DA:82,0
DA:83,0
DA:84,0
DA:85,0
DA:86,0
DA:88,0
DA:89,0
DA:98,0
DA:101,0
DA:105,0
DA:106,0
DA:107,0
DA:108,0
DA:110,0
DA:111,0
DA:113,0
DA:116,0
LF:48
LH:8
BRDA:31,0,0,0
BRDA:31,0,1,0
BRDA:48,1,0,0
BRDA:48,1,1,0
BRDA:48,2,0,0
BRDA:48,2,1,0
BRDA:48,2,2,0
BRDA:48,2,3,0
BRDA:79,3,0,0
BRDA:79,3,1,0
BRDA:79,4,0,0
BRDA:79,4,1,0
BRDA:79,4,2,0
BRDA:79,4,3,0
BRDA:82,5,0,0
BRDA:82,5,1,0
BRDA:107,6,0,0
BRDA:107,6,1,0
BRF:18
BRH:0
end_of_record
TN:
SF:database\database.js
FNF:0
FNH:0
DA:1,3
DA:4,3
DA:11,3
LF:3
LH:3
BRF:0
BRH:0
end_of_record
TN:
SF:middleware\auth.js
FN:4,(anonymous_0)
FN:4,(anonymous_1)
FN:17,(anonymous_2)
FN:26,(anonymous_3)
FN:33,(anonymous_4)
FN:48,(anonymous_5)
FN:52,(anonymous_6)
FN:67,(anonymous_7)
FN:73,(anonymous_8)
FNF:9
FNH:8
FNDA:3,(anonymous_0)
FNDA:17,(anonymous_1)
FNDA:0,(anonymous_2)
FNDA:6,(anonymous_3)
FNDA:6,(anonymous_4)
FNDA:2,(anonymous_5)
FNDA:2,(anonymous_6)
FNDA:3,(anonymous_7)
FNDA:3,(anonymous_8)
DA:1,3
DA:2,3
DA:4,3
DA:5,17
DA:7,17
DA:8,17
DA:11,0
DA:13,0
DA:14,0
DA:17,0
DA:18,0
DA:19,0
DA:26,3
DA:28,6
DA:29,6
DA:32,6
DA:33,6
DA:34,6
DA:35,1
DA:37,5
DA:38,5
DA:39,5
DA:43,0
DA:45,6
DA:48,3
DA:50,2
DA:52,2
DA:53,2
DA:54,0
DA:56,2
DA:57,2
DA:58,2
DA:60,2
DA:63,2
DA:64,2
DA:67,3
DA:68,3
DA:73,3
DA:75,3
LF:39
LH:31
BRDA:7,0,0,17
BRDA:7,0,1,0
BRDA:13,1,0,0
BRDA:13,1,1,0
BRDA:18,2,0,0
BRDA:18,2,1,0
BRDA:32,3,0,6
BRDA:32,3,1,0
BRDA:34,4,0,1
BRDA:34,4,1,5
BRDA:53,5,0,0
BRDA:53,5,1,2
BRDA:68,6,0,0
BRDA:68,6,1,3
BRDA:75,7,0,1
BRDA:75,7,1,2
BRDA:77,8,0,0
BRDA:77,8,1,2
BRF:18
BRH:9
end_of_record
TN:
SF:middleware\error.js
FN:9,(anonymous_0)
FN:14,(anonymous_1)
FNF:2
FNH:2
FNDA:2,(anonymous_0)
FNDA:2,(anonymous_1)
DA:1,3
DA:9,3
DA:10,2
DA:14,3
DA:15,2
DA:18,2
DA:20,2
DA:21,0
DA:24,2
DA:25,1
LF:10
LH:9
BRDA:10,0,0,2
BRDA:10,0,1,2
BRDA:15,1,0,2
BRDA:15,1,1,0
BRDA:17,2,0,0
BRDA:17,2,1,0
BRDA:18,3,0,2
BRDA:18,3,1,2
BRDA:18,3,2,0
BRDA:20,4,0,0
BRDA:20,4,1,2
BRF:11
BRH:6
end_of_record
TN:
SF:models\modelScheme.js
FNF:0
FNH:0
DA:1,3
DA:4,3
DA:6,3
DA:9,3
DA:38,3
DA:67,3
DA:87,3
DA:109,3
DA:115,3
DA:154,3
DA:155,3
DA:157,3
DA:158,3
DA:160,3
LF:14
LH:14
BRF:0
BRH:0
end_of_record
TN:
SF:routes\auth.js
FN:6,(anonymous_0)
FNF:1
FNH:1
FNDA:3,(anonymous_0)
DA:3,3
DA:6,3
DA:20,3
DA:22,3
LF:4
LH:4
BRF:0
BRH:0
end_of_record
TN:
SF:routes\index.js
FN:6,(anonymous_0)
FN:8,(anonymous_1)
FN:9,(anonymous_2)
FN:14,(anonymous_3)
FN:19,(anonymous_4)
FN:27,(anonymous_5)
FNF:6
FNH:5
FNDA:3,(anonymous_0)
FNDA:0,(anonymous_1)
FNDA:1,(anonymous_2)
FNDA:18,(anonymous_3)
FNDA:15,(anonymous_4)
FNDA:3,(anonymous_5)
DA:1,3
DA:2,3
DA:3,3
DA:4,3
DA:6,3
DA:7,3
DA:8,3
DA:9,3
DA:10,3
DA:14,3
DA:15,18
DA:16,3
DA:19,15
DA:20,15
DA:21,0
DA:23,15
DA:27,3
LF:17
LH:16
BRDA:15,0,0,3
BRDA:15,0,1,15
BRDA:20,1,0,0
BRDA:20,1,1,15
BRF:4
BRH:3
end_of_record
TN:
SF:routes\orders.js
FN:17,(anonymous_0)
FNF:1
FNH:1
FNDA:3,(anonymous_0)
DA:3,3
DA:14,3
DA:17,3
DA:44,3
DA:66,3
DA:68,3
DA:70,3
DA:72,3
DA:100,3
DA:130,3
DA:153,3
DA:155,3
LF:12
LH:12
BRF:0
BRH:0
end_of_record
TN:
SF:routes\products.js
FN:15,(anonymous_0)
FNF:1
FNH:1
FNDA:3,(anonymous_0)
DA:4,3
DA:12,3
DA:15,3
DA:38,3
DA:57,3
DA:82,3
DA:107,3
DA:127,3
DA:129,3
LF:9
LH:9
BRF:0
BRH:0
end_of_record
TN:
SF:routes\users.js
FN:17,(anonymous_0)
FN:60,(anonymous_1)
FNF:2
FNH:2
FNDA:3,(anonymous_0)
FNDA:3,(anonymous_1)
DA:1,3
DA:6,3
DA:14,3
DA:15,3
DA:17,3
DA:18,3
DA:19,3
DA:20,0
DA:23,3
DA:30,3
DA:60,3
DA:82,3
DA:100,3
DA:121,3
DA:145,3
DA:163,3
DA:165,3
LF:17
LH:16
BRDA:19,0,0,0
BRDA:19,0,1,3
BRDA:19,1,0,3
BRDA:19,1,1,3
BRF:4
BRH:3
end_of_record
